Traceback (most recent call last):
  File "/home/jucollas/.local/lib/python3.13/site-packages/jupyter_core/utils/__init__.py", line 154, in wrapped
    asyncio.get_running_loop()
    ~~~~~~~~~~~~~~~~~~~~~~~~^^
RuntimeError: no running event loop

During handling of the above exception, another exception occurred:

Traceback (most recent call last):
  File "/home/jucollas/.local/lib/python3.13/site-packages/jupyter_cache/executors/utils.py", line 58, in single_nb_execution
    executenb(
    ~~~~~~~~~^
        nb,
        ^^^
    ...<4 lines>...
        **kwargs,
        ^^^^^^^^^
    )
    ^
  File "/home/jucollas/.local/lib/python3.13/site-packages/nbclient/client.py", line 1319, in execute
    return NotebookClient(nb=nb, resources=resources, km=km, **kwargs).execute()
           ~~~~~~~~~~~~~~~~~~~~~~~~~~~~~~~~~~~~~~~~~~~~~~~~~~~~~~~~~~~~~~~~~~~^^
  File "/home/jucollas/.local/lib/python3.13/site-packages/jupyter_core/utils/__init__.py", line 158, in wrapped
    return loop.run_until_complete(inner)
           ~~~~~~~~~~~~~~~~~~~~~~~^^^^^^^
  File "/usr/lib64/python3.13/asyncio/base_events.py", line 725, in run_until_complete
    return future.result()
           ~~~~~~~~~~~~~^^
  File "/home/jucollas/.local/lib/python3.13/site-packages/nbclient/client.py", line 709, in async_execute
    await self.async_execute_cell(
        cell, index, execution_count=self.code_cells_executed + 1
    )
  File "/home/jucollas/.local/lib/python3.13/site-packages/nbclient/client.py", line 1062, in async_execute_cell
    await self._check_raise_for_error(cell, cell_index, exec_reply)
  File "/home/jucollas/.local/lib/python3.13/site-packages/nbclient/client.py", line 918, in _check_raise_for_error
    raise CellExecutionError.from_cell_and_msg(cell, exec_reply_content)
nbclient.exceptions.CellExecutionError: An error occurred while executing the following cell:
------------------
import numpy as np
import matplotlib.pyplot as plt
import matplotlib

# Cambiar la fuente predeterminada para evitar DejaVuSans
matplotlib.rcParams['font.family'] = 'sans-serif'
matplotlib.rcParams['font.sans-serif'] = ['Arial', 'Liberation Sans', 'Helvetica']


# Definir la matriz de coordenadas de la casa
H = np.array([[0, 4, 4, 2, 0, 0], 
              [0, 0, 3, 5, 3, 0]])  # Se repite el primer punto para cerrar la casa

# Matriz de RotaciÃ³n de 45 grados
theta = np.radians(45)  # Convertir a radianes
T = np.array([[np.cos(theta), -np.sin(theta)], 
              [np.sin(theta), np.cos(theta)]])

# Aplicar la transformaciÃ³n
#H_transformed = T @ H  # MultiplicaciÃ³n de matrices

# Graficar la casa original y la transformada
plt.figure(figsize=(6,6))
plt.plot(H[0], H[1], 'bo-', label="Casa Original")  # Dibujo original
#plt.plot(H_transformed[0], H_transformed[1], 'ro-', label="Casa Transformada")  # Transformada

# ConfiguraciÃ³n de la grÃ¡fica
plt.axhline(0, color='black', linewidth=0.5)
plt.axvline(0, color='black', linewidth=0.5)
plt.xlim(-5, 6)
plt.ylim(-5, 6)
plt.grid(True, linestyle="--", linewidth=0.5)
plt.gca().set_aspect('equal', adjustable='box')  # Establecer la grilla 1 en 1
plt.gca().set_xticks(np.arange(-5, 7, 1))  # Espaciado de 1 en 1 en el eje x
plt.gca().set_yticks(np.arange(-5, 7, 1))  # Espaciado de 1 en 1 en el eje y
plt.legend()
#plt.title("TransformaciÃ³n de la Casa (RotaciÃ³n 45Â°)")
plt.show()

------------------


[31m---------------------------------------------------------------------------[39m
[31mModuleNotFoundError[39m                       Traceback (most recent call last)
[36mCell[39m[36m [39m[32mIn[1][39m[32m, line 1[39m
[32m----> [39m[32m1[39m [38;5;28;01mimport[39;00m[38;5;250m [39m[34;01mnumpy[39;00m[38;5;250m [39m[38;5;28;01mas[39;00m[38;5;250m [39m[34;01mnp[39;00m
[32m      2[39m [38;5;28;01mimport[39;00m[38;5;250m [39m[34;01mmatplotlib[39;00m[34;01m.[39;00m[34;01mpyplot[39;00m[38;5;250m [39m[38;5;28;01mas[39;00m[38;5;250m [39m[34;01mplt[39;00m
[32m      3[39m [38;5;28;01mimport[39;00m[38;5;250m [39m[34;01mmatplotlib[39;00m

[31mModuleNotFoundError[39m: No module named 'numpy'

